TN:
SF:csv.js
FN:7,(anonymous_0)
FN:60,(anonymous_1)
FN:137,(anonymous_2)
FN:138,(anonymous_3)
FN:154,(anonymous_4)
FN:160,(anonymous_5)
FN:175,(anonymous_6)
FN:188,(anonymous_7)
FN:243,(anonymous_8)
FN:255,(anonymous_9)
FN:262,(anonymous_10)
FN:273,(anonymous_11)
FN:279,(anonymous_12)
FN:290,(anonymous_13)
FN:301,(anonymous_14)
FN:312,(anonymous_15)
FN:326,(anonymous_16)
FN:337,(anonymous_17)
FN:350,(anonymous_18)
FN:359,buildCsvStringMatcher
FN:360,makeCsvStringMatcher
FN:361,csvStringMatcher
FNF:22
FNH:20
FNDA:137,(anonymous_0)
FNDA:0,(anonymous_1)
FNDA:137,(anonymous_2)
FNDA:216,(anonymous_3)
FNDA:208,(anonymous_4)
FNDA:137,(anonymous_5)
FNDA:137,(anonymous_6)
FNDA:457,(anonymous_7)
FNDA:137,(anonymous_8)
FNDA:137,(anonymous_9)
FNDA:30,(anonymous_10)
FNDA:13,(anonymous_11)
FNDA:137,(anonymous_12)
FNDA:137,(anonymous_13)
FNDA:28,(anonymous_14)
FNDA:63,(anonymous_15)
FNDA:52,(anonymous_16)
FNDA:0,(anonymous_17)
FNDA:71,(anonymous_18)
FNDA:132,buildCsvStringMatcher
FNDA:396,makeCsvStringMatcher
FNDA:1488,csvStringMatcher
DA:3,1
DA:4,1
DA:5,1
DA:7,1
DA:10,137
DA:11,137
DA:12,137
DA:14,137
DA:15,137
DA:16,137
DA:17,137
DA:18,137
DA:19,137
DA:21,137
DA:22,134
DA:24,132
DA:32,134
DA:38,3
DA:40,0
DA:48,3
DA:49,3
DA:50,3
DA:51,3
DA:52,3
DA:57,137
DA:58,1
DA:59,1
DA:60,1
DA:61,0
DA:62,0
DA:65,0
DA:69,137
DA:70,137
DA:72,134
DA:81,137
DA:82,8
DA:85,137
DA:87,137
DA:134,137
DA:135,137
DA:137,137
DA:138,137
DA:139,216
DA:140,216
DA:141,216
DA:155,208
DA:157,137
DA:160,137
DA:161,137
DA:175,137
DA:176,137
DA:190,457
DA:192,457
DA:193,107
DA:197,350
DA:199,350
DA:200,137
DA:201,137
DA:202,137
DA:203,135
DA:204,2
DA:205,2
DA:210,133
DA:211,133
DA:212,234
DA:215,133
DA:218,135
DA:219,12
DA:220,12
DA:223,135
DA:227,213
DA:228,537
DA:232,348
DA:233,3
DA:236,345
DA:239,455
DA:241,137
DA:243,137
DA:244,137
DA:255,137
DA:256,137
DA:263,30
DA:264,30
DA:273,13
DA:279,137
DA:280,137
DA:290,137
DA:291,137
DA:303,28
DA:304,28
DA:314,63
DA:315,63
DA:328,52
DA:329,52
DA:338,0
DA:339,0
DA:340,0
DA:351,71
DA:355,1
DA:360,132
DA:361,396
DA:362,1488
DA:363,1488
DA:364,1488
DA:365,1488
DA:366,1488
DA:367,102
DA:368,102
DA:369,102
DA:370,102
DA:371,102
DA:372,102
DA:374,102
DA:375,291
DA:376,291
DA:378,291
DA:379,148
DA:380,148
DA:381,148
DA:382,47
DA:385,101
DA:390,143
DA:392,143
DA:393,143
DA:394,143
DA:395,263
DA:396,263
DA:398,143
DA:399,143
DA:400,28
DA:401,22
DA:403,28
DA:404,28
DA:406,115
DA:407,0
DA:408,0
DA:409,0
DA:412,115
DA:413,115
DA:417,102
DA:418,1
DA:419,1
DA:421,101
DA:424,101
DA:425,101
DA:426,101
DA:427,101
DA:433,1
LF:148
LH:138
BRDA:18,0,0,0
BRDA:18,0,1,137
BRDA:18,1,0,137
BRDA:18,1,1,137
BRDA:21,2,0,134
BRDA:21,2,1,3
BRDA:22,3,0,132
BRDA:22,3,1,2
BRDA:38,4,0,0
BRDA:38,4,1,3
BRDA:48,5,0,3
BRDA:48,5,1,0
BRDA:49,6,0,3
BRDA:49,6,1,0
BRDA:50,7,0,3
BRDA:50,7,1,0
BRDA:51,8,0,3
BRDA:51,8,1,0
BRDA:57,9,0,1
BRDA:57,9,1,136
BRDA:70,10,0,134
BRDA:70,10,1,3
BRDA:81,11,0,8
BRDA:81,11,1,129
BRDA:98,12,0,134
BRDA:98,12,1,3
BRDA:117,13,0,136
BRDA:117,13,1,1
BRDA:120,14,0,136
BRDA:120,14,1,1
BRDA:140,15,0,216
BRDA:140,15,1,1
BRDA:148,16,0,129
BRDA:148,16,1,8
BRDA:155,17,0,208
BRDA:155,17,1,1
BRDA:186,18,0,8
BRDA:186,18,1,129
BRDA:190,19,0,457
BRDA:190,19,1,313
BRDA:192,20,0,107
BRDA:192,20,1,350
BRDA:192,21,0,457
BRDA:192,21,1,201
BRDA:193,22,0,0
BRDA:193,22,1,107
BRDA:197,23,0,350
BRDA:197,23,1,0
BRDA:199,24,0,137
BRDA:199,24,1,213
BRDA:202,25,0,135
BRDA:202,25,1,2
BRDA:203,26,0,2
BRDA:203,26,1,133
BRDA:204,27,0,2
BRDA:204,27,1,0
BRDA:205,28,0,1
BRDA:205,28,1,1
BRDA:213,29,0,6
BRDA:213,29,1,228
BRDA:221,30,0,0
BRDA:221,30,1,12
BRDA:229,31,0,0
BRDA:229,31,1,537
BRDA:232,32,0,3
BRDA:232,32,1,345
BRDA:303,33,0,28
BRDA:303,33,1,0
BRDA:304,34,0,28
BRDA:304,34,1,0
BRDA:314,35,0,41
BRDA:314,35,1,22
BRDA:316,36,0,41
BRDA:316,36,1,22
BRDA:317,37,0,45
BRDA:317,37,1,18
BRDA:317,38,0,63
BRDA:317,38,1,41
BRDA:328,39,0,2
BRDA:328,39,1,50
BRDA:330,40,0,2
BRDA:330,40,1,50
BRDA:330,41,0,23
BRDA:330,41,1,29
BRDA:338,42,0,0
BRDA:338,42,1,0
BRDA:339,43,0,0
BRDA:339,43,1,0
BRDA:341,44,0,0
BRDA:341,44,1,0
BRDA:341,45,0,0
BRDA:341,45,1,0
BRDA:344,46,0,134
BRDA:344,46,1,3
BRDA:351,47,0,71
BRDA:351,47,1,0
BRDA:366,48,0,102
BRDA:366,48,1,1386
BRDA:378,49,0,148
BRDA:378,49,1,143
BRDA:381,50,0,47
BRDA:381,50,1,101
BRDA:394,51,0,406
BRDA:394,51,1,405
BRDA:394,51,2,377
BRDA:399,52,0,28
BRDA:399,52,1,115
BRDA:400,53,0,22
BRDA:400,53,1,6
BRDA:406,54,0,0
BRDA:406,54,1,115
BRDA:417,55,0,1
BRDA:417,55,1,101
BRDA:417,56,0,102
BRDA:417,56,1,101
BRF:115
BRH:92
end_of_record
TN:
SF:test/csv-fixtures.js
FN:381,(anonymous_0)
FN:400,(anonymous_1)
FN:647,(anonymous_2)
FN:661,(anonymous_3)
FNF:4
FNH:4
FNDA:1,(anonymous_0)
FNDA:1,(anonymous_1)
FNDA:1,(anonymous_2)
FNDA:1,(anonymous_3)
DA:4,1
DA:5,1
DA:7,1
DA:382,1
DA:401,1
DA:648,1
DA:662,1
LF:7
LH:7
BRF:0
BRH:0
end_of_record
